2024-02-18 19:47:43.579 INFO  [http-nio-8085-exec-2] logging - ===== Transaction Started: =====
2024-02-18 19:47:43.579 INFO  [http-nio-8085-exec-2] logging - Transaction Id: null
2024-02-18 19:47:43.579 INFO  [http-nio-8085-exec-2] logging - Request URL: http://localhost:8085/api/v1/monthly-summary
2024-02-18 19:47:43.579 INFO  [http-nio-8085-exec-2] logging - Method: GET
2024-02-18 19:47:43.579 INFO  [http-nio-8085-exec-2] logging - Headers: org.springframework.security.web.firewall.StrictHttpFirewall$StrictFirewalledRequest$2@68028bc9
2024-02-18 19:47:43.579 INFO  [http-nio-8085-exec-2] logging - Parameters: org.apache.catalina.util.ParameterMap@42a8fe38
2024-02-18 19:47:43.579 INFO  [http-nio-8085-exec-2] logging - Request body: [John.Smith]
2024-02-18 19:47:43.579 INFO  [http-nio-8085-exec-2] logging - Query String: username=John.Smith
2024-02-18 19:47:43.580 INFO  [http-nio-8085-exec-2] logging - IP: 0:0:0:0:0:0:0:1
2024-02-18 19:47:43.580 INFO  [http-nio-8085-exec-2] logging - Controller: com.epamlearning.reportmicroservice.controllers.TrainerSummaryController.getByUsername
2024-02-18 19:47:43.580 INFO  [http-nio-8085-exec-2] logging - === Service method class com.epamlearning.reportmicroservice.entities.TrainerSummary calculate started (Transaction Id: null) ===
2024-02-18 19:47:43.580 INFO  [http-nio-8085-exec-2] logging - Parameters: 
2024-02-18 19:47:43.580 INFO  [http-nio-8085-exec-2] logging - username: John.Smith
2024-02-18 19:47:43.580 INFO  [http-nio-8085-exec-2] logging - === Service method interface java.util.List getAllByUsername started (Transaction Id: null) ===
2024-02-18 19:47:43.580 INFO  [http-nio-8085-exec-2] logging - Parameters: 
2024-02-18 19:47:43.580 INFO  [http-nio-8085-exec-2] logging - username: John.Smith
2024-02-18 19:47:43.648 INFO  [http-nio-8085-exec-2] logging - Result: []
2024-02-18 19:47:43.648 INFO  [http-nio-8085-exec-2] logging - === Service method end ===
2024-02-18 19:47:43.649 ERROR [http-nio-8085-exec-2] logging - Failed with error: No trainer workload found for username to calculate summary: John.Smith
2024-02-18 19:47:43.649 ERROR [http-nio-8085-exec-2] logging - Failed with error: No trainer workload found for username to calculate summary: John.Smith
2024-02-18 19:49:57.681 INFO  [http-nio-8085-exec-1] logging - ===== Transaction Started: =====
2024-02-18 19:49:57.682 INFO  [http-nio-8085-exec-1] logging - Transaction Id: null
2024-02-18 19:49:57.682 INFO  [http-nio-8085-exec-1] logging - Request URL: http://localhost:8085/api/v1/trainer-workload
2024-02-18 19:49:57.682 INFO  [http-nio-8085-exec-1] logging - Method: POST
2024-02-18 19:49:57.682 INFO  [http-nio-8085-exec-1] logging - Headers: org.springframework.security.web.firewall.StrictHttpFirewall$StrictFirewalledRequest$2@1e6d92f4
2024-02-18 19:49:57.682 INFO  [http-nio-8085-exec-1] logging - Parameters: org.apache.catalina.util.ParameterMap@17eae0fd
2024-02-18 19:49:57.682 INFO  [http-nio-8085-exec-1] logging - Request body: [com.epamlearning.reportmicroservice.dtos.TrainerWorkloadRequestDTO@6dc462e5]
2024-02-18 19:49:57.682 INFO  [http-nio-8085-exec-1] logging - Query String: null
2024-02-18 19:49:57.682 INFO  [http-nio-8085-exec-1] logging - IP: 127.0.0.1
2024-02-18 19:49:57.682 INFO  [http-nio-8085-exec-1] logging - Controller: com.epamlearning.reportmicroservice.controllers.TrainerWorkloadController.manageTrainerWorkload
2024-02-18 19:49:57.687 INFO  [http-nio-8085-exec-1] logging - === Service method void manageTrainerWorkload started (Transaction Id: null) ===
2024-02-18 19:49:57.687 INFO  [http-nio-8085-exec-1] logging - Parameters: 
2024-02-18 19:49:57.687 INFO  [http-nio-8085-exec-1] logging - request: com.epamlearning.reportmicroservice.dtos.TrainerWorkloadRequestDTO@6dc462e5
2024-02-18 19:49:57.719 INFO  [http-nio-8085-exec-1] logging - Result: null
2024-02-18 19:49:57.719 INFO  [http-nio-8085-exec-1] logging - === Service method end ===
2024-02-18 19:49:57.722 INFO  [http-nio-8085-exec-1] logging - Transaction Id: null
2024-02-18 19:49:57.722 INFO  [http-nio-8085-exec-1] logging - Response: <200 OK OK,[]>
2024-02-18 19:49:57.723 INFO  [http-nio-8085-exec-1] logging - ===== Transaction Ended =====
2024-02-18 19:56:35.360 INFO  [http-nio-8085-exec-1] logging - ===== Transaction Started: =====
2024-02-18 19:56:35.360 INFO  [http-nio-8085-exec-1] logging - Transaction Id: null
2024-02-18 19:56:35.360 INFO  [http-nio-8085-exec-1] logging - Request URL: http://localhost:8085/api/v1/trainer-workload
2024-02-18 19:56:35.360 INFO  [http-nio-8085-exec-1] logging - Method: POST
2024-02-18 19:56:35.360 INFO  [http-nio-8085-exec-1] logging - Headers: org.springframework.security.web.firewall.StrictHttpFirewall$StrictFirewalledRequest$2@46476d63
2024-02-18 19:56:35.360 INFO  [http-nio-8085-exec-1] logging - Parameters: org.apache.catalina.util.ParameterMap@5878097e
2024-02-18 19:56:35.360 INFO  [http-nio-8085-exec-1] logging - Request body: [com.epamlearning.reportmicroservice.dtos.TrainerWorkloadRequestDTO@363e7283]
2024-02-18 19:56:35.360 INFO  [http-nio-8085-exec-1] logging - Query String: null
2024-02-18 19:56:35.360 INFO  [http-nio-8085-exec-1] logging - IP: 127.0.0.1
2024-02-18 19:56:35.361 INFO  [http-nio-8085-exec-1] logging - Controller: com.epamlearning.reportmicroservice.controllers.TrainerWorkloadController.manageTrainerWorkload
2024-02-18 19:56:35.365 INFO  [http-nio-8085-exec-1] logging - === Service method void manageTrainerWorkload started (Transaction Id: null) ===
2024-02-18 19:56:35.365 INFO  [http-nio-8085-exec-1] logging - Parameters: 
2024-02-18 19:56:35.365 INFO  [http-nio-8085-exec-1] logging - request: com.epamlearning.reportmicroservice.dtos.TrainerWorkloadRequestDTO@363e7283
2024-02-18 19:56:35.391 INFO  [http-nio-8085-exec-1] logging - Result: null
2024-02-18 19:56:35.391 INFO  [http-nio-8085-exec-1] logging - === Service method end ===
2024-02-18 19:56:35.394 INFO  [http-nio-8085-exec-1] logging - Transaction Id: null
2024-02-18 19:56:35.394 INFO  [http-nio-8085-exec-1] logging - Response: <200 OK OK,[]>
2024-02-18 19:56:35.395 INFO  [http-nio-8085-exec-1] logging - ===== Transaction Ended =====
2024-02-18 21:52:13.645 INFO  [http-nio-8085-exec-3] logging - ===== Transaction Started: =====
2024-02-18 21:52:13.645 INFO  [http-nio-8085-exec-3] logging - Transaction Id: null
2024-02-18 21:52:13.646 INFO  [http-nio-8085-exec-3] logging - Request URL: http://localhost:8085/api/v1/trainer-workload
2024-02-18 21:52:13.646 INFO  [http-nio-8085-exec-3] logging - Method: POST
2024-02-18 21:52:13.646 INFO  [http-nio-8085-exec-3] logging - Headers: org.springframework.security.web.firewall.StrictHttpFirewall$StrictFirewalledRequest$2@5cdefabd
2024-02-18 21:52:13.646 INFO  [http-nio-8085-exec-3] logging - Parameters: org.apache.catalina.util.ParameterMap@6fadbd38
2024-02-18 21:52:13.646 INFO  [http-nio-8085-exec-3] logging - Request body: [com.epamlearning.reportmicroservice.dtos.TrainerWorkloadRequestDTO@19dc77e2]
2024-02-18 21:52:13.646 INFO  [http-nio-8085-exec-3] logging - Query String: null
2024-02-18 21:52:13.646 INFO  [http-nio-8085-exec-3] logging - IP: 127.0.0.1
2024-02-18 21:52:13.646 INFO  [http-nio-8085-exec-3] logging - Controller: com.epamlearning.reportmicroservice.controllers.TrainerWorkloadController.manageTrainerWorkload
2024-02-18 21:52:13.652 INFO  [http-nio-8085-exec-3] logging - === Service method void manageTrainerWorkload started (Transaction Id: null) ===
2024-02-18 21:52:13.652 INFO  [http-nio-8085-exec-3] logging - Parameters: 
2024-02-18 21:52:13.652 INFO  [http-nio-8085-exec-3] logging - request: com.epamlearning.reportmicroservice.dtos.TrainerWorkloadRequestDTO@19dc77e2
2024-02-18 21:52:13.685 INFO  [http-nio-8085-exec-3] logging - Result: null
2024-02-18 21:52:13.685 INFO  [http-nio-8085-exec-3] logging - === Service method end ===
2024-02-18 21:52:13.687 INFO  [http-nio-8085-exec-3] logging - Transaction Id: null
2024-02-18 21:52:13.687 INFO  [http-nio-8085-exec-3] logging - Response: <200 OK OK,[]>
2024-02-18 21:52:13.687 INFO  [http-nio-8085-exec-3] logging - ===== Transaction Ended =====
2024-02-18 22:11:09.536 INFO  [http-nio-8085-exec-5] logging - ===== Transaction Started: =====
2024-02-18 22:11:09.537 INFO  [http-nio-8085-exec-5] logging - Transaction Id: null
2024-02-18 22:11:09.537 INFO  [http-nio-8085-exec-5] logging - Request URL: http://localhost:8085/api/v1/trainer-workload
2024-02-18 22:11:09.537 INFO  [http-nio-8085-exec-5] logging - Method: POST
2024-02-18 22:11:09.537 INFO  [http-nio-8085-exec-5] logging - Headers: org.springframework.security.web.firewall.StrictHttpFirewall$StrictFirewalledRequest$2@223fb03d
2024-02-18 22:11:09.537 INFO  [http-nio-8085-exec-5] logging - Parameters: org.apache.catalina.util.ParameterMap@673d3a1e
2024-02-18 22:11:09.537 INFO  [http-nio-8085-exec-5] logging - Request body: [com.epamlearning.reportmicroservice.dtos.TrainerWorkloadRequestDTO@26003025]
2024-02-18 22:11:09.537 INFO  [http-nio-8085-exec-5] logging - Query String: null
2024-02-18 22:11:09.537 INFO  [http-nio-8085-exec-5] logging - IP: 127.0.0.1
2024-02-18 22:11:09.537 INFO  [http-nio-8085-exec-5] logging - Controller: com.epamlearning.reportmicroservice.controllers.TrainerWorkloadController.manageTrainerWorkload
2024-02-18 22:11:09.541 INFO  [http-nio-8085-exec-5] logging - === Service method void manageTrainerWorkload started (Transaction Id: null) ===
2024-02-18 22:11:09.541 INFO  [http-nio-8085-exec-5] logging - Parameters: 
2024-02-18 22:11:09.541 INFO  [http-nio-8085-exec-5] logging - request: com.epamlearning.reportmicroservice.dtos.TrainerWorkloadRequestDTO@26003025
2024-02-18 22:11:09.559 INFO  [http-nio-8085-exec-5] logging - Result: null
2024-02-18 22:11:09.559 INFO  [http-nio-8085-exec-5] logging - === Service method end ===
2024-02-18 22:11:09.560 INFO  [http-nio-8085-exec-5] logging - Transaction Id: null
2024-02-18 22:11:09.560 INFO  [http-nio-8085-exec-5] logging - Response: <200 OK OK,[]>
2024-02-18 22:11:09.560 INFO  [http-nio-8085-exec-5] logging - ===== Transaction Ended =====
2024-02-18 22:12:49.984 INFO  [http-nio-8085-exec-7] logging - ===== Transaction Started: =====
2024-02-18 22:12:49.984 INFO  [http-nio-8085-exec-7] logging - Transaction Id: null
2024-02-18 22:12:49.984 INFO  [http-nio-8085-exec-7] logging - Request URL: http://localhost:8085/api/v1/trainer-workload
2024-02-18 22:12:49.984 INFO  [http-nio-8085-exec-7] logging - Method: POST
2024-02-18 22:12:49.984 INFO  [http-nio-8085-exec-7] logging - Headers: org.springframework.security.web.firewall.StrictHttpFirewall$StrictFirewalledRequest$2@3c12ab6b
2024-02-18 22:12:49.984 INFO  [http-nio-8085-exec-7] logging - Parameters: org.apache.catalina.util.ParameterMap@7910328d
2024-02-18 22:12:49.984 INFO  [http-nio-8085-exec-7] logging - Request body: [com.epamlearning.reportmicroservice.dtos.TrainerWorkloadRequestDTO@382d38b6]
2024-02-18 22:12:49.984 INFO  [http-nio-8085-exec-7] logging - Query String: null
2024-02-18 22:12:49.984 INFO  [http-nio-8085-exec-7] logging - IP: 127.0.0.1
2024-02-18 22:12:49.984 INFO  [http-nio-8085-exec-7] logging - Controller: com.epamlearning.reportmicroservice.controllers.TrainerWorkloadController.manageTrainerWorkload
2024-02-18 22:12:49.985 INFO  [http-nio-8085-exec-7] logging - === Service method void manageTrainerWorkload started (Transaction Id: null) ===
2024-02-18 22:12:49.985 INFO  [http-nio-8085-exec-7] logging - Parameters: 
2024-02-18 22:12:49.985 INFO  [http-nio-8085-exec-7] logging - request: com.epamlearning.reportmicroservice.dtos.TrainerWorkloadRequestDTO@382d38b6
2024-02-18 22:12:49.988 INFO  [http-nio-8085-exec-7] logging - Result: null
2024-02-18 22:12:49.988 INFO  [http-nio-8085-exec-7] logging - === Service method end ===
2024-02-18 22:12:49.989 INFO  [http-nio-8085-exec-7] logging - Transaction Id: null
2024-02-18 22:12:49.989 INFO  [http-nio-8085-exec-7] logging - Response: <200 OK OK,[]>
2024-02-18 22:12:49.989 INFO  [http-nio-8085-exec-7] logging - ===== Transaction Ended =====
2024-02-18 22:15:16.411 INFO  [http-nio-8085-exec-9] logging - ===== Transaction Started: =====
2024-02-18 22:15:16.412 INFO  [http-nio-8085-exec-9] logging - Transaction Id: null
2024-02-18 22:15:16.412 INFO  [http-nio-8085-exec-9] logging - Request URL: http://localhost:8085/api/v1/trainer-workload
2024-02-18 22:15:16.412 INFO  [http-nio-8085-exec-9] logging - Method: POST
2024-02-18 22:15:16.412 INFO  [http-nio-8085-exec-9] logging - Headers: org.springframework.security.web.firewall.StrictHttpFirewall$StrictFirewalledRequest$2@5a94baf7
2024-02-18 22:15:16.412 INFO  [http-nio-8085-exec-9] logging - Parameters: org.apache.catalina.util.ParameterMap@1f962fc1
2024-02-18 22:15:16.412 INFO  [http-nio-8085-exec-9] logging - Request body: [com.epamlearning.reportmicroservice.dtos.TrainerWorkloadRequestDTO@5eab25fa]
2024-02-18 22:15:16.412 INFO  [http-nio-8085-exec-9] logging - Query String: null
2024-02-18 22:15:16.412 INFO  [http-nio-8085-exec-9] logging - IP: 127.0.0.1
2024-02-18 22:15:16.412 INFO  [http-nio-8085-exec-9] logging - Controller: com.epamlearning.reportmicroservice.controllers.TrainerWorkloadController.manageTrainerWorkload
2024-02-18 22:15:16.413 INFO  [http-nio-8085-exec-9] logging - === Service method void manageTrainerWorkload started (Transaction Id: null) ===
2024-02-18 22:15:16.413 INFO  [http-nio-8085-exec-9] logging - Parameters: 
2024-02-18 22:15:16.413 INFO  [http-nio-8085-exec-9] logging - request: com.epamlearning.reportmicroservice.dtos.TrainerWorkloadRequestDTO@5eab25fa
2024-02-18 22:15:16.417 INFO  [http-nio-8085-exec-9] logging - Result: null
2024-02-18 22:15:16.417 INFO  [http-nio-8085-exec-9] logging - === Service method end ===
2024-02-18 22:15:16.417 INFO  [http-nio-8085-exec-9] logging - Transaction Id: null
2024-02-18 22:15:16.417 INFO  [http-nio-8085-exec-9] logging - Response: <200 OK OK,[]>
2024-02-18 22:15:16.418 INFO  [http-nio-8085-exec-9] logging - ===== Transaction Ended =====
2024-02-18 22:17:17.411 INFO  [http-nio-8085-exec-1] logging - ===== Transaction Started: =====
2024-02-18 22:17:17.412 INFO  [http-nio-8085-exec-1] logging - Transaction Id: fa8f55d1-1755-4fa9-bd73-7b57753e722e
2024-02-18 22:17:17.412 INFO  [http-nio-8085-exec-1] logging - Request URL: http://localhost:8085/api/v1/trainer-workload
2024-02-18 22:17:17.412 INFO  [http-nio-8085-exec-1] logging - Method: POST
2024-02-18 22:17:17.412 INFO  [http-nio-8085-exec-1] logging - Headers: org.springframework.security.web.firewall.StrictHttpFirewall$StrictFirewalledRequest$2@4de60453
2024-02-18 22:17:17.412 INFO  [http-nio-8085-exec-1] logging - Parameters: org.apache.catalina.util.ParameterMap@47661773
2024-02-18 22:17:17.412 INFO  [http-nio-8085-exec-1] logging - Request body: [com.epamlearning.reportmicroservice.dtos.TrainerWorkloadRequestDTO@29e9e6c2]
2024-02-18 22:17:17.412 INFO  [http-nio-8085-exec-1] logging - Query String: null
2024-02-18 22:17:17.412 INFO  [http-nio-8085-exec-1] logging - IP: 127.0.0.1
2024-02-18 22:17:17.413 INFO  [http-nio-8085-exec-1] logging - Controller: com.epamlearning.reportmicroservice.controllers.TrainerWorkloadController.manageTrainerWorkload
2024-02-18 22:17:17.417 INFO  [http-nio-8085-exec-1] logging - === Service method void manageTrainerWorkload started (Transaction Id: null) ===
2024-02-18 22:17:17.417 INFO  [http-nio-8085-exec-1] logging - Parameters: 
2024-02-18 22:17:17.417 INFO  [http-nio-8085-exec-1] logging - request: com.epamlearning.reportmicroservice.dtos.TrainerWorkloadRequestDTO@29e9e6c2
2024-02-18 22:17:17.453 INFO  [http-nio-8085-exec-1] logging - Result: null
2024-02-18 22:17:17.453 INFO  [http-nio-8085-exec-1] logging - === Service method end ===
2024-02-18 22:17:17.457 INFO  [http-nio-8085-exec-1] logging - Transaction Id: null
2024-02-18 22:17:17.457 INFO  [http-nio-8085-exec-1] logging - Response: <200 OK OK,[]>
2024-02-18 22:17:17.457 INFO  [http-nio-8085-exec-1] logging - ===== Transaction Ended =====
2024-02-19 07:25:45.606 INFO  [http-nio-8085-exec-1] logging - ===== Transaction Started: =====
2024-02-19 07:25:45.608 INFO  [http-nio-8085-exec-1] logging - Transaction Id: 3758c909-c8ee-4871-bfc0-7b295ad851be
2024-02-19 07:25:45.609 INFO  [http-nio-8085-exec-1] logging - Request URL: http://localhost:8085/api/v1/trainer-workload
2024-02-19 07:25:45.609 INFO  [http-nio-8085-exec-1] logging - Method: POST
2024-02-19 07:25:45.609 INFO  [http-nio-8085-exec-1] logging - Headers: org.springframework.security.web.firewall.StrictHttpFirewall$StrictFirewalledRequest$2@2aa43b48
2024-02-19 07:25:45.609 INFO  [http-nio-8085-exec-1] logging - Parameters: org.apache.catalina.util.ParameterMap@51d8bdca
2024-02-19 07:25:45.621 INFO  [http-nio-8085-exec-1] logging - Request body: [TrainerWorkloadRequestDTO(username=John.Smith, firstName=John, lastName=Smith, isActive=true, trainingDate=2024-03-26, trainingDuration=65, actionType=ADD, traineeUsername=John.Sena)]
2024-02-19 07:25:45.621 INFO  [http-nio-8085-exec-1] logging - Query String: null
2024-02-19 07:25:45.621 INFO  [http-nio-8085-exec-1] logging - IP: 127.0.0.1
2024-02-19 07:25:45.623 INFO  [http-nio-8085-exec-1] logging - Controller: com.epamlearning.reportmicroservice.controllers.TrainerWorkloadController.manageTrainerWorkload
2024-02-19 07:25:45.676 INFO  [http-nio-8085-exec-1] logging - === Service method void manageTrainerWorkload started (Transaction Id: 3758c909-c8ee-4871-bfc0-7b295ad851be) ===
2024-02-19 07:25:45.677 INFO  [http-nio-8085-exec-1] logging - Parameters: 
2024-02-19 07:25:45.677 INFO  [http-nio-8085-exec-1] logging - request: TrainerWorkloadRequestDTO(username=John.Smith, firstName=John, lastName=Smith, isActive=true, trainingDate=2024-03-26, trainingDuration=65, actionType=ADD, traineeUsername=John.Sena)
2024-02-19 07:25:45.760 INFO  [http-nio-8085-exec-1] logging - Result: null
2024-02-19 07:25:45.760 INFO  [http-nio-8085-exec-1] logging - === Service method end ===
2024-02-19 07:25:45.769 INFO  [http-nio-8085-exec-1] logging - Transaction Id: 3758c909-c8ee-4871-bfc0-7b295ad851be
2024-02-19 07:25:45.769 INFO  [http-nio-8085-exec-1] logging - Response: <200 OK OK,[]>
2024-02-19 07:25:45.770 INFO  [http-nio-8085-exec-1] logging - ===== Transaction Ended =====
2024-02-19 22:39:23.008 INFO  [main] logging - Application started
2024-02-19 23:07:31.056 INFO  [main] logging - Application started
2024-02-19 23:16:45.829 INFO  [SpringApplicationShutdownHook] logging - Application shutdown
2024-02-19 23:31:03.864 INFO  [main] logging - Application started
2024-02-19 23:31:11.768 INFO  [SpringApplicationShutdownHook] logging - Application shutdown
2024-02-20 18:00:16.034 INFO  [main] logging - Application started
2024-02-20 18:00:42.417 INFO  [SpringApplicationShutdownHook] logging - Application shutdown
2024-03-06 10:34:24.899 INFO  [main] logging - Application started
2024-03-06 10:39:13.916 INFO  [SpringApplicationShutdownHook] logging - Application shutdown
2024-03-06 10:39:30.265 INFO  [main] logging - Application started
2024-03-06 10:44:58.478 INFO  [SpringApplicationShutdownHook] logging - Application shutdown
2024-03-06 10:45:15.603 INFO  [main] logging - Application started
2024-03-06 10:50:13.676 INFO  [SpringApplicationShutdownHook] logging - Application shutdown
2024-03-06 10:50:30.694 INFO  [main] logging - Application started
2024-03-06 11:12:36.533 INFO  [SpringApplicationShutdownHook] logging - Application shutdown
2024-03-06 11:12:52.367 INFO  [main] logging - Application started
2024-03-06 11:24:50.781 INFO  [SpringApplicationShutdownHook] logging - Application shutdown
2024-03-06 11:25:14.043 INFO  [main] logging - Application started
2024-03-06 11:33:34.126 INFO  [SpringApplicationShutdownHook] logging - Application shutdown
2024-03-06 11:34:02.518 INFO  [main] logging - Application started
2024-03-06 11:49:58.250 INFO  [SpringApplicationShutdownHook] logging - Application shutdown
2024-03-06 11:50:21.212 INFO  [main] logging - Application started
2024-03-06 11:56:59.676 INFO  [SpringApplicationShutdownHook] logging - Application shutdown
2024-03-06 11:57:17.106 INFO  [main] logging - Application started
2024-03-06 11:58:44.720 INFO  [SpringApplicationShutdownHook] logging - Application shutdown
2024-03-06 11:59:04.983 INFO  [main] logging - Application started
2024-03-06 15:53:40.330 INFO  [SpringApplicationShutdownHook] logging - Application shutdown
2024-03-06 15:53:59.378 INFO  [main] logging - Application started
2024-03-06 16:04:05.749 INFO  [SpringApplicationShutdownHook] logging - Application shutdown
2024-03-06 16:04:23.243 INFO  [main] logging - Application started
2024-03-06 16:04:54.354 INFO  [SpringApplicationShutdownHook] logging - Application shutdown
2024-03-06 16:28:32.165 INFO  [main] logging - Application started
2024-03-06 16:28:32.454 ERROR [org.springframework.jms.JmsListenerEndpointContainer#0-1] logging - Failed with error: No bean named 'transactionManager' available: No matching TransactionManager bean found for qualifier 'transactionManager' - neither qualifier match nor bean name match!
2024-03-06 16:28:32.915 ERROR [org.springframework.jms.JmsListenerEndpointContainer#0-1] logging - Failed with error: No bean named 'transactionManager' available: No matching TransactionManager bean found for qualifier 'transactionManager' - neither qualifier match nor bean name match!
2024-03-06 16:28:32.927 ERROR [org.springframework.jms.JmsListenerEndpointContainer#0-1] logging - Failed with error: No bean named 'transactionManager' available: No matching TransactionManager bean found for qualifier 'transactionManager' - neither qualifier match nor bean name match!
2024-03-06 16:28:32.944 ERROR [org.springframework.jms.JmsListenerEndpointContainer#0-1] logging - Failed with error: No bean named 'transactionManager' available: No matching TransactionManager bean found for qualifier 'transactionManager' - neither qualifier match nor bean name match!
2024-03-06 16:28:32.977 ERROR [org.springframework.jms.JmsListenerEndpointContainer#0-1] logging - Failed with error: No bean named 'transactionManager' available: No matching TransactionManager bean found for qualifier 'transactionManager' - neither qualifier match nor bean name match!
2024-03-06 16:28:32.994 ERROR [org.springframework.jms.JmsListenerEndpointContainer#0-1] logging - Failed with error: No bean named 'transactionManager' available: No matching TransactionManager bean found for qualifier 'transactionManager' - neither qualifier match nor bean name match!
2024-03-06 16:28:33.010 ERROR [org.springframework.jms.JmsListenerEndpointContainer#0-1] logging - Failed with error: No bean named 'transactionManager' available: No matching TransactionManager bean found for qualifier 'transactionManager' - neither qualifier match nor bean name match!
2024-03-06 16:28:33.174 ERROR [org.springframework.jms.JmsListenerEndpointContainer#0-1] logging - Failed with error: No bean named 'transactionManager' available: No matching TransactionManager bean found for qualifier 'transactionManager' - neither qualifier match nor bean name match!
2024-03-06 16:28:33.186 ERROR [org.springframework.jms.JmsListenerEndpointContainer#0-1] logging - Failed with error: No bean named 'transactionManager' available: No matching TransactionManager bean found for qualifier 'transactionManager' - neither qualifier match nor bean name match!
2024-03-06 16:28:33.199 ERROR [org.springframework.jms.JmsListenerEndpointContainer#0-1] logging - Failed with error: No bean named 'transactionManager' available: No matching TransactionManager bean found for qualifier 'transactionManager' - neither qualifier match nor bean name match!
2024-03-06 16:28:33.231 ERROR [org.springframework.jms.JmsListenerEndpointContainer#0-1] logging - Failed with error: No bean named 'transactionManager' available: No matching TransactionManager bean found for qualifier 'transactionManager' - neither qualifier match nor bean name match!
2024-03-06 16:28:33.253 ERROR [org.springframework.jms.JmsListenerEndpointContainer#0-1] logging - Failed with error: No bean named 'transactionManager' available: No matching TransactionManager bean found for qualifier 'transactionManager' - neither qualifier match nor bean name match!
2024-03-06 16:28:33.266 ERROR [org.springframework.jms.JmsListenerEndpointContainer#0-1] logging - Failed with error: No bean named 'transactionManager' available: No matching TransactionManager bean found for qualifier 'transactionManager' - neither qualifier match nor bean name match!
2024-03-06 16:28:33.282 ERROR [org.springframework.jms.JmsListenerEndpointContainer#0-1] logging - Failed with error: No bean named 'transactionManager' available: No matching TransactionManager bean found for qualifier 'transactionManager' - neither qualifier match nor bean name match!
2024-03-06 16:28:33.309 ERROR [org.springframework.jms.JmsListenerEndpointContainer#0-1] logging - Failed with error: No bean named 'transactionManager' available: No matching TransactionManager bean found for qualifier 'transactionManager' - neither qualifier match nor bean name match!
2024-03-06 16:28:33.321 ERROR [org.springframework.jms.JmsListenerEndpointContainer#0-1] logging - Failed with error: No bean named 'transactionManager' available: No matching TransactionManager bean found for qualifier 'transactionManager' - neither qualifier match nor bean name match!
2024-03-06 16:28:33.330 ERROR [org.springframework.jms.JmsListenerEndpointContainer#0-1] logging - Failed with error: No bean named 'transactionManager' available: No matching TransactionManager bean found for qualifier 'transactionManager' - neither qualifier match nor bean name match!
2024-03-06 16:28:33.374 ERROR [org.springframework.jms.JmsListenerEndpointContainer#0-1] logging - Failed with error: No bean named 'transactionManager' available: No matching TransactionManager bean found for qualifier 'transactionManager' - neither qualifier match nor bean name match!
2024-03-06 16:28:33.407 ERROR [org.springframework.jms.JmsListenerEndpointContainer#0-1] logging - Failed with error: No bean named 'transactionManager' available: No matching TransactionManager bean found for qualifier 'transactionManager' - neither qualifier match nor bean name match!
2024-03-06 16:28:33.423 ERROR [org.springframework.jms.JmsListenerEndpointContainer#0-1] logging - Failed with error: No bean named 'transactionManager' available: No matching TransactionManager bean found for qualifier 'transactionManager' - neither qualifier match nor bean name match!
2024-03-06 16:28:33.449 ERROR [org.springframework.jms.JmsListenerEndpointContainer#0-1] logging - Failed with error: No bean named 'transactionManager' available: No matching TransactionManager bean found for qualifier 'transactionManager' - neither qualifier match nor bean name match!
2024-03-06 16:33:15.227 INFO  [SpringApplicationShutdownHook] logging - Application shutdown
2024-03-06 16:33:31.628 INFO  [main] logging - Application started
2024-03-06 16:36:54.325 INFO  [SpringApplicationShutdownHook] logging - Application shutdown
2024-03-06 16:37:13.091 INFO  [main] logging - Application started
2024-03-06 16:40:10.864 INFO  [SpringApplicationShutdownHook] logging - Application shutdown
2024-03-06 16:40:23.569 INFO  [main] logging - Application started
2024-03-06 16:45:58.868 INFO  [SpringApplicationShutdownHook] logging - Application shutdown
2024-03-06 22:57:31.345 INFO  [main] logging - Application started
2024-03-07 00:01:03.452 INFO  [SpringApplicationShutdownHook] logging - Application shutdown
2024-03-07 00:01:15.926 INFO  [main] logging - Application started
2024-03-07 00:03:41.487 INFO  [http-nio-8085-exec-8] logging - ===== Transaction Started: =====
2024-03-07 00:03:41.488 INFO  [http-nio-8085-exec-8] logging - Transaction Id: f8a904bb-a175-4582-8944-318fcadcec1b
2024-03-07 00:03:41.489 INFO  [http-nio-8085-exec-8] logging - Request URL: http://localhost:8085/api/v1/monthly-summary
2024-03-07 00:03:41.489 INFO  [http-nio-8085-exec-8] logging - Method: GET
2024-03-07 00:03:41.489 INFO  [http-nio-8085-exec-8] logging - Headers: org.springframework.security.web.firewall.StrictHttpFirewall$StrictFirewalledRequest$2@4c4f1b25
2024-03-07 00:03:41.490 INFO  [http-nio-8085-exec-8] logging - Parameters: org.apache.catalina.util.ParameterMap@50966413
2024-03-07 00:03:41.490 INFO  [http-nio-8085-exec-8] logging - Request body: [John.Smith]
2024-03-07 00:03:41.490 INFO  [http-nio-8085-exec-8] logging - Query String: username=John.Smith
2024-03-07 00:03:41.490 INFO  [http-nio-8085-exec-8] logging - IP: 127.0.0.1
2024-03-07 00:03:41.492 INFO  [http-nio-8085-exec-8] logging - Controller: com.epamlearning.reportmicroservice.controllers.TrainerSummaryController.getByUsername
2024-03-07 00:03:41.492 INFO  [http-nio-8085-exec-8] logging - === Service method class com.epamlearning.reportmicroservice.entities.TrainerSummary calculate started (Transaction Id: f8a904bb-a175-4582-8944-318fcadcec1b) ===
2024-03-07 00:03:41.492 INFO  [http-nio-8085-exec-8] logging - Parameters: 
2024-03-07 00:03:41.492 INFO  [http-nio-8085-exec-8] logging - username: John.Smith
2024-03-07 00:03:41.492 INFO  [http-nio-8085-exec-8] logging - === Service method interface java.util.List getAllByUsername started (Transaction Id: f8a904bb-a175-4582-8944-318fcadcec1b) ===
2024-03-07 00:03:41.492 INFO  [http-nio-8085-exec-8] logging - Parameters: 
2024-03-07 00:03:41.492 INFO  [http-nio-8085-exec-8] logging - username: John.Smith
2024-03-07 00:03:41.602 INFO  [http-nio-8085-exec-8] logging - Result: [TrainerWorkload(id=1, username=John.Smith, firstName=John, lastName=Smith, isActive=true, trainingDate=2024-03-12, trainingDuration=75.00, traineeUsername=John.Wick4)]
2024-03-07 00:03:41.604 INFO  [http-nio-8085-exec-8] logging - === Service method end ===
2024-03-07 00:03:41.604 INFO  [http-nio-8085-exec-8] logging - Result: TrainerSummary(username=John.Smith, firstName=John, lastName=Smith, status=true, years=[2024], monthlySummary={2024={MARCH=75.00}})
2024-03-07 00:03:41.605 INFO  [http-nio-8085-exec-8] logging - === Service method end ===
2024-03-07 00:03:41.605 INFO  [http-nio-8085-exec-8] logging - Transaction Id: f8a904bb-a175-4582-8944-318fcadcec1b
2024-03-07 00:03:41.605 INFO  [http-nio-8085-exec-8] logging - Response: <200 OK OK,TrainerSummary(username=John.Smith, firstName=John, lastName=Smith, status=true, years=[2024], monthlySummary={2024={MARCH=75.00}}),[]>
2024-03-07 00:03:41.605 INFO  [http-nio-8085-exec-8] logging - ===== Transaction Ended =====
2024-03-07 00:15:03.538 INFO  [SpringApplicationShutdownHook] logging - Application shutdown
